<?xml version="1.0" encoding="UTF-8"?>
<!-- Generated by org.testng.reporters.JUnitReportReporter -->
<testsuite hostname="Emrahs-MacBook-Pro.local" failures="0" tests="3" name="hrappproject.HRAppTest" time="31.774" errors="0" timestamp="17 Mar 2022 22:30:40 GMT" skipped="0">
  <testcase classname="hrappproject.HRAppTest" name="logout" time="10.352"/>
  <testcase classname="hrappproject.HRAppTest" name="negativeLogin" time="7.587"/>
  <testcase classname="hrappproject.HRAppTest" name="login" time="13.835"/>
</testsuite> <!-- hrappproject.HRAppTest -->
